<?xml version="1.0" encoding="UTF-8"?>
<!-- Generated by org.testng.reporters.JUnitReportReporter -->
<testsuite hostname="LAPTOP-VT4HJGJI" failures="0" tests="1" name="tests.ErrorValidationsTest" time="12.683" errors="0" timestamp="2025-08-24T21:44:42 IST" skipped="0">
  <testcase classname="tests.ErrorValidationsTest" name="incorrectLogin" time="12.683"/>
</testsuite> <!-- tests.ErrorValidationsTest -->
